Build started 29/06/2016 21:56:34.
     1>Project "C:\Users\Ran_the_User\Documents\GitHub\AirBorneCamera_C_code\our_C_code\AirborneCamera\AirborneCamera.vcxproj" on node 2 (Build target(s)).
     1>ClCompile:
         C:\Program Files (x86)\Microsoft Visual Studio 14.0\VC\bin\CL.exe /c /Zi /nologo /W3 /WX- /sdl /O2 /Oi /Ot /Oy- /GL /D _MBCS /Gm- /EHsc /MD /GS /Gy /fp:precise /Zc:wchar_t /Zc:forScope /Zc:inline /Fo"Release\\" /Fd"Release\vc140.pdb" /Gd /TP /analyze- /errorReport:prompt ..\src\composed_algorithm.cpp
         composed_algorithm.cpp
     1>..\src\composed_algorithm.cpp(22): warning C4244: '=': conversion from 'double' to 'float', possible loss of data
     1>..\src\composed_algorithm.cpp(34): warning C4305: 'initializing': truncation from 'double' to 'float'
     1>..\src\composed_algorithm.cpp(34): warning C4101: 'b_m_p': unreferenced local variable
     1>..\src\composed_algorithm.cpp(62): warning C4101: 'temp': unreferenced local variable
     1>..\src\composed_algorithm.cpp(135): warning C4305: 'initializing': truncation from 'double' to 'float'
     1>..\src\composed_algorithm.cpp(136): warning C4305: 'initializing': truncation from 'double' to 'float'
     1>..\src\composed_algorithm.cpp(137): warning C4305: 'initializing': truncation from 'double' to 'float'
     1>..\src\composed_algorithm.cpp(160): warning C4244: '=': conversion from 'double' to 'float', possible loss of data
     1>..\src\composed_algorithm.cpp(200): warning C4244: '=': conversion from 'int' to 'float', possible loss of data
     1>..\src\composed_algorithm.cpp(260): warning C4244: '=': conversion from 'int' to 'float', possible loss of data
     1>..\src\composed_algorithm.cpp(286): warning C4244: '=': conversion from 'int' to 'float', possible loss of data
     1>..\src\composed_algorithm.cpp(307): warning C4101: 'odd_or_one': unreferenced local variable
     1>..\src\composed_algorithm.cpp(310): warning C4101: 'tmp42': unreferenced local variable
     1>..\src\composed_algorithm.cpp(490): warning C4101: 'p': unreferenced local variable
     1>..\src\composed_algorithm.cpp(491): warning C4101: 'pO': unreferenced local variable
     1>..\src\composed_algorithm.cpp(546): warning C4244: 'argument': conversion from 'double' to 'int', possible loss of data
     1>..\src\composed_algorithm.cpp(609): warning C4018: '<': signed/unsigned mismatch
     1>..\src\composed_algorithm.cpp(860): warning C4244: '=': conversion from '__int64' to 'long', possible loss of data
     1>..\src\composed_algorithm.cpp(867): warning C4244: 'argument': conversion from '__int64' to 'const long', possible loss of data
       Link:
         C:\Program Files (x86)\Microsoft Visual Studio 14.0\VC\bin\link.exe /ERRORREPORT:PROMPT /OUT:"C:\Users\Ran_the_User\Documents\GitHub\AirBorneCamera_C_code\our_C_code\Release\AirborneCam.exe" /NOLOGO opencv_calib3d300d.lib opencv_core300d.lib opencv_features2d300d.lib opencv_flann300d.lib opencv_hal300d.lib opencv_highgui300d.lib opencv_imgcodecs300d.lib opencv_imgproc300d.lib opencv_ml300d.lib opencv_objdetect300d.lib opencv_photo300d.lib opencv_shape300d.lib opencv_stitching300d.lib opencv_superres300d.lib opencv_ts300d.lib opencv_video300d.lib opencv_videoio300d.lib opencv_videostab300d.lib kernel32.lib user32.lib gdi32.lib winspool.lib comdlg32.lib advapi32.lib shell32.lib ole32.lib oleaut32.lib uuid.lib odbc32.lib odbccp32.lib kernel32.lib user32.lib gdi32.lib winspool.lib comdlg32.lib advapi32.lib shell32.lib ole32.lib oleaut32.lib uuid.lib odbc32.lib odbccp32.lib kernel32.lib user32.lib gdi32.lib winspool.lib comdlg32.lib advapi32.lib shell32.lib ole32.lib oleaut32.lib uuid.lib odbc32.lib odbccp32.lib /MANIFEST /MANIFESTUAC:"level='asInvoker' uiAccess='false'" /manifest:embed /Debug /PDB:"C:\Users\Ran_the_User\Documents\GitHub\AirBorneCamera_C_code\our_C_code\Release\AirborneCam.pdb" /OPT:REF /OPT:ICF /LTCG:incremental /TLBID:1 /DYNAMICBASE /NXCOMPAT /IMPLIB:"C:\Users\Ran_the_User\Documents\GitHub\AirBorneCamera_C_code\our_C_code\Release\AirborneCam.lib" /MACHINE:X86 /SAFESEH Release\composed_algorithm.obj
         Release\MainFile.obj
         Release\calcSpatialConnections.obj
         Release\calcSpatialConnections.obj
         Release\calcTemporalConnections.obj
         Release\slic.obj
         Release\writeMat.obj
         Release\writeMat.obj
     1>Release\calcSpatialConnections.obj : warning LNK4042: object specified more than once; extras ignored
     1>Release\writeMat.obj : warning LNK4042: object specified more than once; extras ignored
         Generating code
         5 of 1372 functions ( 0.4%) were compiled, the rest were copied from previous compilation.
           1 functions were new in current compilation
           4 functions had inline decision re-evaluated but remain unchanged
         Finished generating code
         AirborneCamera.vcxproj -> C:\Users\Ran_the_User\Documents\GitHub\AirBorneCamera_C_code\our_C_code\Release\AirborneCam.exe
     1>Done Building Project "C:\Users\Ran_the_User\Documents\GitHub\AirBorneCamera_C_code\our_C_code\AirborneCamera\AirborneCamera.vcxproj" (Build target(s)).

Build succeeded.

Time Elapsed 00:00:02.82
