Build started 25/07/2016 21:29:09.
     1>Project "C:\Users\Ran_the_User\Documents\GitHub\AirBorneCamera_C_code\our_C_code\AirborneCamera\AirborneCamera.vcxproj" on node 2 (Build target(s)).
     1>ClCompile:
         C:\Program Files (x86)\Microsoft Visual Studio 14.0\VC\bin\CL.exe /c /Zi /nologo /W3 /WX- /sdl /Od /Oy- /D _MBCS /Gm /EHsc /RTC1 /MDd /GS /fp:precise /Zc:wchar_t /Zc:forScope /Zc:inline /Fo"Debug\/..\src\/" /Fd"Debug\vc140.pdb" /Gd /TP /analyze- /errorReport:prompt ..\src\MainFile.cpp ..\src\composed_algorithm.cpp
         composed_algorithm.cpp
     1>..\src\composed_algorithm.cpp(88): warning C4018: '<': signed/unsigned mismatch
     1>..\src\composed_algorithm.cpp(143): warning C4018: '<': signed/unsigned mismatch
     1>..\src\composed_algorithm.cpp(167): warning C4018: '<': signed/unsigned mismatch
         MainFile.cpp
         Generating Code...
       Link:
         C:\Program Files (x86)\Microsoft Visual Studio 14.0\VC\bin\link.exe /ERRORREPORT:PROMPT /OUT:"C:\Users\Ran_the_User\Documents\GitHub\AirBorneCamera_C_code\our_C_code\Debug\AirborneCam.exe" /INCREMENTAL:NO /NOLOGO opencv_calib3d300d.lib opencv_core300d.lib opencv_features2d300d.lib opencv_flann300d.lib opencv_hal300d.lib opencv_highgui300d.lib opencv_imgcodecs300d.lib opencv_imgproc300d.lib opencv_ml300d.lib opencv_objdetect300d.lib opencv_photo300d.lib opencv_shape300d.lib opencv_stitching300d.lib opencv_superres300d.lib opencv_ts300d.lib opencv_video300d.lib opencv_videoio300d.lib opencv_videostab300d.lib kernel32.lib user32.lib gdi32.lib winspool.lib comdlg32.lib advapi32.lib shell32.lib ole32.lib oleaut32.lib uuid.lib odbc32.lib odbccp32.lib /MANIFEST:NO /Debug /PDB:"C:\Users\Ran_the_User\Documents\GitHub\AirBorneCamera_C_code\our_C_code\Debug\AirborneCam.pdb" /TLBID:1 /DYNAMICBASE /NXCOMPAT /IMPLIB:"C:\Users\Ran_the_User\Documents\GitHub\AirBorneCamera_C_code\our_C_code\Debug\AirborneCam.lib" /MACHINE:X86 Debug\/..\src\/composed_algorithm.obj
         Debug\/..\src\/functions_file1.obj
         Debug\/..\src\/MainFile.obj
         Debug\/..\src\ourConverted\/calcintegralIntersections.obj
         Debug\/..\src\ourConverted\/calcSpatialConnections.obj
         Debug\/..\src\ourConverted\/calcSuperpixelInRatio.obj
         Debug\/..\src\ourConverted\/calcTemporalConnections.obj
         Debug\/..\src\SLIC_opencv_implemented\/slic.obj
         Debug\/..\src\some_utils\/writeMat.obj
         AirborneCamera.vcxproj -> C:\Users\Ran_the_User\Documents\GitHub\AirBorneCamera_C_code\our_C_code\Debug\AirborneCam.exe
     1>Done Building Project "C:\Users\Ran_the_User\Documents\GitHub\AirBorneCamera_C_code\our_C_code\AirborneCamera\AirborneCamera.vcxproj" (Build target(s)).

Build succeeded.

Time Elapsed 00:00:03.32
